0 info it worked if it ends with ok
1 verbose cli [ '/Users/alonso/.nvm/versions/io.js/v3.0.0/bin/iojs',
1 verbose cli   '/Users/alonso/.nvm/versions/io.js/v3.0.0/bin/npm',
1 verbose cli   'install',
1 verbose cli   '-g',
1 verbose cli   './node_modules/webpack/' ]
2 info using npm@2.13.3
3 info using node@v3.0.0
4 verbose install initial load of /Users/alonso/.nvm/versions/io.js/v3.0.0/lib/package.json
5 verbose readDependencies loading dependencies from /Users/alonso/.nvm/versions/io.js/v3.0.0/lib/package.json
6 silly cache add args [ './node_modules/webpack/', null ]
7 verbose cache add spec ./node_modules/webpack/
8 silly cache add parsed spec { raw: './node_modules/webpack/',
8 silly cache add   scope: null,
8 silly cache add   name: null,
8 silly cache add   rawSpec: './node_modules/webpack/',
8 silly cache add   spec: '/Users/alonso/dev/react-autosuggest/node_modules/webpack',
8 silly cache add   type: 'directory' }
9 verbose addLocalDirectory /Users/alonso/.npm/webpack/1.12.0/package.tgz not in flight; packing
10 verbose tar pack [ '/Users/alonso/.npm/webpack/1.12.0/package.tgz',
10 verbose tar pack   '/Users/alonso/dev/react-autosuggest/node_modules/webpack' ]
11 verbose tarball /Users/alonso/.npm/webpack/1.12.0/package.tgz
12 verbose folder /Users/alonso/dev/react-autosuggest/node_modules/webpack
13 info prepublish webpack@1.12.0
14 verbose addLocalTarball adding from inside cache /Users/alonso/.npm/webpack/1.12.0/package.tgz
15 silly cache afterAdd webpack@1.12.0
16 verbose afterAdd /Users/alonso/.npm/webpack/1.12.0/package/package.json not in flight; writing
17 verbose afterAdd /Users/alonso/.npm/webpack/1.12.0/package/package.json written
18 silly install resolved [ { name: 'webpack',
18 silly install resolved     version: '1.12.0',
18 silly install resolved     author: { name: 'Tobias Koppers @sokra' },
18 silly install resolved     description: 'Packs CommonJs/AMD modules for the browser. Allows to split your codebase into multiple bundles, which can be loaded on demand. Support loaders to preprocess files, i.e. json, jade, coffee, css, less, ... and your custom stuff.',
18 silly install resolved     dependencies:
18 silly install resolved      { async: '^1.3.0',
18 silly install resolved        clone: '^1.0.2',
18 silly install resolved        'enhanced-resolve': '~0.9.0',
18 silly install resolved        esprima: '^2.5.0',
18 silly install resolved        interpret: '^0.6.4',
18 silly install resolved        'memory-fs': '~0.2.0',
18 silly install resolved        mkdirp: '~0.5.0',
18 silly install resolved        'node-libs-browser': '>= 0.4.0 <=0.6.0',
18 silly install resolved        optimist: '~0.6.0',
18 silly install resolved        'supports-color': '^3.1.0',
18 silly install resolved        tapable: '~0.1.8',
18 silly install resolved        'uglify-js': '~2.4.13',
18 silly install resolved        watchpack: '^0.2.1',
18 silly install resolved        'webpack-core': '~0.6.0' },
18 silly install resolved     license: 'MIT',
18 silly install resolved     devDependencies:
18 silly install resolved      { benchmark: '^1.0.0',
18 silly install resolved        'bundle-loader': '~0.5.0',
18 silly install resolved        'codecov.io': '^0.1.2',
18 silly install resolved        'coffee-loader': '~0.7.1',
18 silly install resolved        'component-webpack-plugin': '~0.2.0',
18 silly install resolved        coveralls: '^2.11.2',
18 silly install resolved        'css-loader': '~0.15.0',
18 silly install resolved        diff: '^2.0.2',
18 silly install resolved        eslint: '^1.1.0',
18 silly install resolved        'eslint-plugin-nodeca': '^1.0.3',
18 silly install resolved        express: '~4.13.1',
18 silly install resolved        'extract-text-webpack-plugin': '~0.8.0',
18 silly install resolved        'file-loader': '~0.8.0',
18 silly install resolved        glob: '^5.0.14',
18 silly install resolved        'i18n-webpack-plugin': '~0.2.0',
18 silly install resolved        istanbul: '^0.3.13',
18 silly install resolved        'jade-loader': '~0.7.0',
18 silly install resolved        'js-beautify': '^1.5.10',
18 silly install resolved        'json-loader': '~0.5.1',
18 silly install resolved        'less-loader': '^2.0.0',
18 silly install resolved        'loader-utils': '^0.2.11',
18 silly install resolved        mocha: '~2.2.0',
18 silly install resolved        'mocha-lcov-reporter': '0.0.2',
18 silly install resolved        'raw-loader': '~0.5.0',
18 silly install resolved        'script-loader': '~0.6.0',
18 silly install resolved        should: '^7.0.2',
18 silly install resolved        'style-loader': '~0.12.0',
18 silly install resolved        'url-loader': '~0.5.0',
18 silly install resolved        'val-loader': '~0.5.0',
18 silly install resolved        'vm-browserify': '~0.0.0',
18 silly install resolved        'webpack-dev-middleware': '^1.0.0',
18 silly install resolved        'worker-loader': '~0.6.0' },
18 silly install resolved     engines: { node: '>=0.6' },
18 silly install resolved     repository:
18 silly install resolved      { type: 'git',
18 silly install resolved        url: 'git+https://github.com/webpack/webpack.git' },
18 silly install resolved     homepage: 'https://github.com/webpack/webpack',
18 silly install resolved     main: 'lib/webpack.js',
18 silly install resolved     web: 'lib/webpack.web.js',
18 silly install resolved     bin: { webpack: './bin/webpack.js' },
18 silly install resolved     files: [ 'lib/', 'bin/', 'buildin/', 'hot/', 'web_modules/' ],
18 silly install resolved     scripts:
18 silly install resolved      { pretest: 'npm run lint && npm run beautify-lint',
18 silly install resolved        test: 'mocha',
18 silly install resolved        travis: 'npm run cover -- --report lcovonly',
18 silly install resolved        lint: 'eslint lib bin hot scripts',
18 silly install resolved        'beautify-lint': 'node ./scripts/beautify-check',
18 silly install resolved        beautify: 'node ./scripts/beautify-rewrite',
18 silly install resolved        precover: 'npm run lint && npm run beautify-lint',
18 silly install resolved        cover: 'istanbul cover -x *.runtime.js node_modules/mocha/bin/_mocha',
18 silly install resolved        'publish-patch': 'mocha && npm version patch && git push && git push --tags && npm publish' },
18 silly install resolved     gitHead: 'f155f32271ff81fee546c86b5685803377cebc09',
18 silly install resolved     bugs: { url: 'https://github.com/webpack/webpack/issues' },
18 silly install resolved     _id: 'webpack@1.12.0',
18 silly install resolved     _shasum: '3267114a1179179f9aec0c4de68e244a6e2ab3bd',
18 silly install resolved     _from: '../../../../dev/react-autosuggest/node_modules/webpack',
18 silly install resolved     _npmVersion: '2.10.1',
18 silly install resolved     _nodeVersion: '0.12.4',
18 silly install resolved     _npmUser: { name: 'sokra', email: 'tobias.koppers@googlemail.com' },
18 silly install resolved     maintainers: [ [Object] ],
18 silly install resolved     dist:
18 silly install resolved      { shasum: '028ac4670535cb1a83815c4726b56353d02cbb38',
18 silly install resolved        tarball: 'http://registry.npmjs.org/webpack/-/webpack-1.12.0.tgz' },
18 silly install resolved     directories: {},
18 silly install resolved     _resolved: 'file:../../../../dev/react-autosuggest/node_modules/webpack',
18 silly install resolved     readme: 'ERROR: No README data found!' } ]
19 info install webpack@1.12.0 into /Users/alonso/.nvm/versions/io.js/v3.0.0/lib
20 info installOne webpack@1.12.0
21 verbose installOne of webpack to /Users/alonso/.nvm/versions/io.js/v3.0.0/lib not in flight; installing
22 verbose lock using /Users/alonso/.npm/_locks/webpack-071efc9fb4ab2182.lock for /Users/alonso/.nvm/versions/io.js/v3.0.0/lib/node_modules/webpack
23 silly install write writing webpack 1.12.0 to /Users/alonso/.nvm/versions/io.js/v3.0.0/lib/node_modules/webpack
24 verbose unbuild lib/node_modules/webpack
25 silly gentlyRm /Users/alonso/.nvm/versions/io.js/v3.0.0/lib/node_modules/webpack is being purged from base /Users/alonso/.nvm/versions/io.js/v3.0.0
26 verbose gentlyRm don't care about contents; nuking /Users/alonso/.nvm/versions/io.js/v3.0.0/lib/node_modules/webpack
27 verbose tar unpack /Users/alonso/.npm/webpack/1.12.0/package.tgz
28 verbose tar unpacking to /Users/alonso/.nvm/versions/io.js/v3.0.0/lib/node_modules/webpack
29 silly gentlyRm /Users/alonso/.nvm/versions/io.js/v3.0.0/lib/node_modules/webpack is being purged
30 verbose gentlyRm don't care about contents; nuking /Users/alonso/.nvm/versions/io.js/v3.0.0/lib/node_modules/webpack
31 silly gunzTarPerm modes [ '755', '644' ]
32 silly gunzTarPerm extractEntry package.json
33 silly gunzTarPerm extractEntry README.md
34 silly gunzTarPerm extractEntry LICENSE
35 silly gunzTarPerm extractEntry bin/config-optimist.js
36 silly gunzTarPerm extractEntry bin/convert-argv.js
37 silly gunzTarPerm extractEntry bin/webpack.js
38 silly gunzTarPerm extractEntry buildin/amd-define.js
39 silly gunzTarPerm extractEntry buildin/amd-options.js
40 silly gunzTarPerm extractEntry buildin/module.js
41 silly gunzTarPerm extractEntry buildin/return-require.js
42 silly gunzTarPerm extractEntry hot/dev-server.js
43 silly gunzTarPerm extractEntry hot/log-apply-result.js
44 silly gunzTarPerm extractEntry hot/only-dev-server.js
45 silly gunzTarPerm extractEntry hot/poll.js
46 silly gunzTarPerm extractEntry hot/signal.js
47 silly gunzTarPerm extractEntry lib/APIPlugin.js
48 silly gunzTarPerm extractEntry lib/JsonpHotUpdateChunkTemplatePlugin.js
49 silly gunzTarPerm extractEntry lib/JsonpMainTemplate.runtime.js
50 silly gunzTarPerm extractEntry lib/JsonpMainTemplatePlugin.js
51 silly gunzTarPerm extractEntry lib/JsonpTemplatePlugin.js
52 silly gunzTarPerm extractEntry lib/JsonpExportMainTemplatePlugin.js
53 silly gunzTarPerm extractEntry lib/LibraryTemplatePlugin.js
54 silly gunzTarPerm extractEntry lib/AbstractPlugin.js
55 silly gunzTarPerm extractEntry lib/MainTemplate.js
56 silly gunzTarPerm extractEntry lib/MemoryOutputFileSystem.js
57 silly gunzTarPerm extractEntry lib/Module.js
58 silly gunzTarPerm extractEntry lib/JsonpChunkTemplatePlugin.js
59 silly gunzTarPerm extractEntry lib/ModuleFilenameHelpers.js
60 silly gunzTarPerm extractEntry lib/IgnorePlugin.js
61 silly gunzTarPerm extractEntry lib/ModuleNotFoundError.js
62 silly gunzTarPerm extractEntry lib/HotUpdateChunkTemplate.js
63 silly gunzTarPerm extractEntry lib/ModuleParseError.js
64 silly gunzTarPerm extractEntry lib/HotModuleReplacementPlugin.js
65 silly gunzTarPerm extractEntry lib/ModuleParserHelpers.js
66 silly gunzTarPerm extractEntry lib/HotModuleReplacement.runtime.js
67 silly gunzTarPerm extractEntry lib/ModuleReason.js
68 silly gunzTarPerm extractEntry lib/FunctionModuleTemplatePlugin.js
69 silly gunzTarPerm extractEntry lib/ModuleTemplate.js
70 silly gunzTarPerm extractEntry lib/FunctionModulePlugin.js
71 silly gunzTarPerm extractEntry lib/MovedToPluginWarningPlugin.js
72 silly gunzTarPerm extractEntry lib/ExternalsPlugin.js
73 silly gunzTarPerm extractEntry lib/MultiCompiler.js
74 silly gunzTarPerm extractEntry lib/ExternalModuleFactoryPlugin.js
75 silly gunzTarPerm extractEntry lib/MultiEntryPlugin.js
76 silly gunzTarPerm extractEntry lib/ExternalModule.js
77 silly gunzTarPerm extractEntry lib/MultiModule.js
78 silly gunzTarPerm extractEntry lib/ExtendedAPIPlugin.js
79 silly gunzTarPerm extractEntry lib/MultiModuleFactory.js
80 silly gunzTarPerm extractEntry lib/EvalSourceMapDevToolPlugin.js
81 silly gunzTarPerm extractEntry lib/NamedModulesPlugin.js
82 silly gunzTarPerm extractEntry lib/EvalSourceMapDevToolModuleTemplatePlugin.js
83 silly gunzTarPerm extractEntry lib/NewWatchingPlugin.js
84 silly gunzTarPerm extractEntry lib/EvalDevToolModuleTemplatePlugin.js
85 silly gunzTarPerm extractEntry lib/NoErrorsPlugin.js
86 silly gunzTarPerm extractEntry lib/EvalDevToolModulePlugin.js
87 silly gunzTarPerm extractEntry lib/NodeStuffPlugin.js
88 silly gunzTarPerm extractEntry lib/EnvironmentPlugin.js
89 silly gunzTarPerm extractEntry lib/NormalModule.js
90 silly gunzTarPerm extractEntry lib/EntryOptionPlugin.js
91 silly gunzTarPerm extractEntry lib/NormalModuleFactory.js
92 silly gunzTarPerm extractEntry lib/EntryModuleNotFoundError.js
93 silly gunzTarPerm extractEntry lib/NormalModuleReplacementPlugin.js
94 silly gunzTarPerm extractEntry lib/DllReferencePlugin.js
95 silly gunzTarPerm extractEntry lib/NullFactory.js
96 silly gunzTarPerm extractEntry lib/DllPlugin.js
97 silly gunzTarPerm extractEntry lib/OldWatchingPlugin.js
98 silly gunzTarPerm extractEntry lib/DllModuleFactory.js
99 silly gunzTarPerm extractEntry lib/OptionsApply.js
100 silly gunzTarPerm extractEntry lib/DllModule.js
101 silly gunzTarPerm extractEntry lib/OriginalSource.js
102 silly gunzTarPerm extractEntry lib/DllEntryPlugin.js
103 silly gunzTarPerm extractEntry lib/Parser.js
104 silly gunzTarPerm extractEntry lib/Dependency.js
105 silly gunzTarPerm extractEntry lib/PrefetchPlugin.js
106 silly gunzTarPerm extractEntry lib/DependenciesBlockVariable.js
107 silly gunzTarPerm extractEntry lib/ProgressPlugin.js
108 silly gunzTarPerm extractEntry lib/DependenciesBlock.js
109 silly gunzTarPerm extractEntry lib/ProvidePlugin.js
110 silly gunzTarPerm extractEntry lib/DelegatedPlugin.js
111 silly gunzTarPerm extractEntry lib/RawModule.js
112 silly gunzTarPerm extractEntry lib/DelegatedModuleFactoryPlugin.js
113 silly gunzTarPerm extractEntry lib/RawSource.js
114 silly gunzTarPerm extractEntry lib/DelegatedModule.js
115 silly gunzTarPerm extractEntry lib/RecordIdsPlugin.js
116 silly gunzTarPerm extractEntry lib/DefinePlugin.js
117 silly gunzTarPerm extractEntry lib/RequestShortener.js
118 silly gunzTarPerm extractEntry lib/CriticalDependenciesWarning.js
119 silly gunzTarPerm extractEntry lib/RequireJsStuffPlugin.js
120 silly gunzTarPerm extractEntry lib/ContextReplacementPlugin.js
121 silly gunzTarPerm extractEntry lib/ResolverPlugin.js
122 silly gunzTarPerm extractEntry lib/ContextModuleFactory.js
123 silly gunzTarPerm extractEntry lib/SetVarMainTemplatePlugin.js
124 silly gunzTarPerm extractEntry lib/ContextModule.js
125 silly gunzTarPerm extractEntry lib/SingleEntryPlugin.js
126 silly gunzTarPerm extractEntry lib/ConstPlugin.js
127 silly gunzTarPerm extractEntry lib/Source.js
128 silly gunzTarPerm extractEntry lib/ConcatSource.js
129 silly gunzTarPerm extractEntry lib/SourceMapDevToolModuleOptionsPlugin.js
130 silly gunzTarPerm extractEntry lib/Compiler.js
131 silly gunzTarPerm extractEntry lib/SourceMapDevToolPlugin.js
132 silly gunzTarPerm extractEntry lib/Compilation.js
133 silly gunzTarPerm extractEntry lib/SourceMapSource.js
134 silly gunzTarPerm extractEntry lib/CompatibilityPlugin.js
135 silly gunzTarPerm extractEntry lib/Stats.js
136 silly gunzTarPerm extractEntry lib/ChunkTemplate.js
137 silly gunzTarPerm extractEntry lib/Template.js
138 silly gunzTarPerm extractEntry lib/ChunkRenderError.js
139 silly gunzTarPerm extractEntry lib/TemplatedPathPlugin.js
140 silly gunzTarPerm extractEntry lib/Chunk.js
141 silly gunzTarPerm extractEntry lib/UmdMainTemplatePlugin.js
142 silly gunzTarPerm extractEntry lib/CaseSensitiveModulesWarning.js
143 silly gunzTarPerm extractEntry lib/UnsupportedFeatureWarning.js
144 silly gunzTarPerm extractEntry lib/CachePlugin.js
145 silly gunzTarPerm extractEntry lib/WarnCaseSensitiveModulesPlugin.js
146 silly gunzTarPerm extractEntry lib/BasicEvaluatedExpression.js
147 silly gunzTarPerm extractEntry lib/WatchIgnorePlugin.js
148 silly gunzTarPerm extractEntry lib/BannerPlugin.js
149 silly gunzTarPerm extractEntry lib/WebpackOptionsApply.js
150 silly gunzTarPerm extractEntry lib/AutomaticPrefetchPlugin.js
151 silly gunzTarPerm extractEntry lib/WebpackOptionsDefaulter.js
152 silly gunzTarPerm extractEntry lib/AsyncDependenciesBlock.js
153 silly gunzTarPerm extractEntry lib/webpack.web.js
154 silly gunzTarPerm extractEntry lib/ArrayMap.js
155 silly gunzTarPerm extractEntry lib/webpack.js
156 silly gunzTarPerm extractEntry lib/AmdMainTemplatePlugin.js
157 silly gunzTarPerm extractEntry lib/removeAndDo.js
158 silly gunzTarPerm extractEntry lib/LibManifestPlugin.js
159 silly gunzTarPerm extractEntry lib/LoaderTargetPlugin.js
160 silly gunzTarPerm extractEntry lib/optimize/AggressiveMergingPlugin.js
161 silly gunzTarPerm extractEntry lib/optimize/DedupePlugin.js
162 silly gunzTarPerm extractEntry lib/optimize/FlagIncludedChunksPlugin.js
163 silly gunzTarPerm extractEntry lib/optimize/LimitChunkCountPlugin.js
164 silly gunzTarPerm extractEntry lib/optimize/MergeDuplicateChunksPlugin.js
165 silly gunzTarPerm extractEntry lib/optimize/CommonsChunkPlugin.js
166 silly gunzTarPerm extractEntry lib/optimize/OccurenceOrderPlugin.js
167 silly gunzTarPerm extractEntry lib/optimize/OccurrenceOrderPlugin.js
168 silly gunzTarPerm extractEntry lib/optimize/RemoveEmptyChunksPlugin.js
169 silly gunzTarPerm extractEntry lib/optimize/RemoveParentModulesPlugin.js
170 silly gunzTarPerm extractEntry lib/optimize/UglifyJsPlugin.js
171 silly gunzTarPerm extractEntry lib/optimize/MinChunkSizePlugin.js
172 silly gunzTarPerm extractEntry lib/web/WebEnvironmentPlugin.js
173 silly gunzTarPerm extractEntry lib/node/NodeChunkTemplatePlugin.js
174 silly gunzTarPerm extractEntry lib/node/NodeHotUpdateChunkTemplatePlugin.js
175 silly gunzTarPerm extractEntry lib/node/NodeMainTemplate.runtime.js
176 silly gunzTarPerm extractEntry lib/node/NodeMainTemplateAsync.runtime.js
177 silly gunzTarPerm extractEntry lib/node/NodeMainTemplatePlugin.js
178 silly gunzTarPerm extractEntry lib/node/NodeEnvironmentPlugin.js
179 silly gunzTarPerm extractEntry lib/node/NodeSourcePlugin.js
180 silly gunzTarPerm extractEntry lib/node/NodeTargetPlugin.js
181 silly gunzTarPerm extractEntry lib/node/NodeTemplatePlugin.js
182 silly gunzTarPerm extractEntry lib/node/NodeWatchFileSystem.js
183 silly gunzTarPerm extractEntry lib/node/OldNodeWatchFileSystem.js
184 silly gunzTarPerm extractEntry lib/node/NodeOutputFileSystem.js
185 silly gunzTarPerm extractEntry lib/dependencies/AMDDefineDependency.js
186 silly gunzTarPerm extractEntry lib/dependencies/LoaderDependency.js
187 silly gunzTarPerm extractEntry lib/dependencies/LoaderPlugin.js
188 silly gunzTarPerm extractEntry lib/dependencies/LocalModule.js
189 silly gunzTarPerm extractEntry lib/dependencies/LocalModuleDependency.js
190 silly gunzTarPerm extractEntry lib/dependencies/LabeledModulesPlugin.js
191 silly gunzTarPerm extractEntry lib/dependencies/ModuleDependency.js
192 silly gunzTarPerm extractEntry lib/dependencies/ModuleDependencyTemplateAsId.js
193 silly gunzTarPerm extractEntry lib/dependencies/ModuleDependencyTemplateAsRequireId.js
194 silly gunzTarPerm extractEntry lib/dependencies/ModuleHotAcceptDependency.js
195 silly gunzTarPerm extractEntry lib/dependencies/ModuleHotDeclineDependency.js
196 silly gunzTarPerm extractEntry lib/dependencies/LabeledModuleDependencyParserPlugin.js
197 silly gunzTarPerm extractEntry lib/dependencies/MultiEntryDependency.js
198 silly gunzTarPerm extractEntry lib/dependencies/LabeledModuleDependency.js
199 silly gunzTarPerm extractEntry lib/dependencies/NullDependency.js
200 silly gunzTarPerm extractEntry lib/dependencies/LabeledExportsDependency.js
201 silly gunzTarPerm extractEntry lib/dependencies/NullDependencyTemplate.js
202 silly gunzTarPerm extractEntry lib/dependencies/DllEntryDependency.js
203 silly gunzTarPerm extractEntry lib/dependencies/PrefetchDependency.js
204 silly gunzTarPerm extractEntry lib/dependencies/DepBlockHelpers.js
205 silly gunzTarPerm extractEntry lib/dependencies/RequireContextDependency.js
206 silly gunzTarPerm extractEntry lib/dependencies/DelegatedSourceDependency.js
207 silly gunzTarPerm extractEntry lib/dependencies/RequireContextDependencyParserPlugin.js
208 silly gunzTarPerm extractEntry lib/dependencies/ContextElementDependency.js
209 silly gunzTarPerm extractEntry lib/dependencies/RequireContextPlugin.js
210 silly gunzTarPerm extractEntry lib/dependencies/ContextDependencyTemplateAsRequireCall.js
211 silly gunzTarPerm extractEntry lib/dependencies/RequireEnsureDependenciesBlock.js
212 silly gunzTarPerm extractEntry lib/dependencies/ContextDependencyTemplateAsId.js
213 silly gunzTarPerm extractEntry lib/dependencies/RequireEnsureDependenciesBlockParserPlugin.js
214 silly gunzTarPerm extractEntry lib/dependencies/ContextDependencyHelpers.js
215 silly gunzTarPerm extractEntry lib/dependencies/RequireEnsureDependency.js
216 silly gunzTarPerm extractEntry lib/dependencies/ContextDependency.js
217 silly gunzTarPerm extractEntry lib/dependencies/RequireEnsureItemDependency.js
218 silly gunzTarPerm extractEntry lib/dependencies/ConstDependency.js
219 silly gunzTarPerm extractEntry lib/dependencies/RequireEnsurePlugin.js
220 silly gunzTarPerm extractEntry lib/dependencies/CommonJsRequireDependencyParserPlugin.js
221 silly gunzTarPerm extractEntry lib/dependencies/RequireHeaderDependency.js
222 silly gunzTarPerm extractEntry lib/dependencies/CommonJsRequireDependency.js
223 silly gunzTarPerm extractEntry lib/dependencies/RequireIncludeDependency.js
224 silly gunzTarPerm extractEntry lib/dependencies/CommonJsRequireContextDependency.js
225 silly gunzTarPerm extractEntry lib/dependencies/RequireIncludeDependencyParserPlugin.js
226 silly gunzTarPerm extractEntry lib/dependencies/CommonJsPlugin.js
227 silly gunzTarPerm extractEntry lib/dependencies/RequireIncludePlugin.js
228 silly gunzTarPerm extractEntry lib/dependencies/AMDRequireItemDependency.js
229 silly gunzTarPerm extractEntry lib/dependencies/RequireResolveContextDependency.js
230 silly gunzTarPerm extractEntry lib/dependencies/AMDRequireDependency.js
231 silly gunzTarPerm extractEntry lib/dependencies/RequireResolveDependency.js
232 silly gunzTarPerm extractEntry lib/dependencies/AMDRequireDependenciesBlockParserPlugin.js
233 silly gunzTarPerm extractEntry lib/dependencies/RequireResolveDependencyParserPlugin.js
234 silly gunzTarPerm extractEntry lib/dependencies/AMDRequireDependenciesBlock.js
235 silly gunzTarPerm extractEntry lib/dependencies/RequireResolveHeaderDependency.js
236 silly gunzTarPerm extractEntry lib/dependencies/AMDRequireContextDependency.js
237 silly gunzTarPerm extractEntry lib/dependencies/SingleEntryDependency.js
238 silly gunzTarPerm extractEntry lib/dependencies/AMDRequireArrayDependency.js
239 silly gunzTarPerm extractEntry lib/dependencies/TemplateArgumentDependency.js
240 silly gunzTarPerm extractEntry lib/dependencies/AMDPlugin.js
241 silly gunzTarPerm extractEntry lib/dependencies/WebpackMissingModule.js
242 silly gunzTarPerm extractEntry lib/dependencies/AMDDefineDependencyParserPlugin.js
243 silly gunzTarPerm extractEntry lib/dependencies/getFunctionExpression.js
244 silly gunzTarPerm extractEntry lib/dependencies/LocalModulesHelpers.js
245 silly gunzTarPerm extractEntry lib/webworker/WebWorkerChunkTemplatePlugin.js
246 silly gunzTarPerm extractEntry lib/webworker/WebWorkerMainTemplatePlugin.js
247 silly gunzTarPerm extractEntry lib/webworker/WebWorkerTemplatePlugin.js
248 silly gunzTarPerm extractEntry web_modules/node-libs-browser.js
249 verbose write writing to /Users/alonso/.nvm/versions/io.js/v3.0.0/lib/node_modules/webpack/package.json
250 info preinstall webpack@1.12.0
251 verbose readDependencies loading dependencies from /Users/alonso/.nvm/versions/io.js/v3.0.0/lib/node_modules/webpack/package.json
252 silly prepareForInstallMany adding async@^1.3.0 from webpack dependencies
253 silly prepareForInstallMany adding clone@^1.0.2 from webpack dependencies
254 silly prepareForInstallMany adding enhanced-resolve@~0.9.0 from webpack dependencies
255 silly prepareForInstallMany adding esprima@^2.5.0 from webpack dependencies
256 silly prepareForInstallMany adding interpret@^0.6.4 from webpack dependencies
257 silly prepareForInstallMany adding memory-fs@~0.2.0 from webpack dependencies
258 silly prepareForInstallMany adding mkdirp@~0.5.0 from webpack dependencies
259 silly prepareForInstallMany adding node-libs-browser@>= 0.4.0 <=0.6.0 from webpack dependencies
260 silly prepareForInstallMany adding optimist@~0.6.0 from webpack dependencies
261 silly prepareForInstallMany adding supports-color@^3.1.0 from webpack dependencies
262 silly prepareForInstallMany adding tapable@~0.1.8 from webpack dependencies
263 silly prepareForInstallMany adding uglify-js@~2.4.13 from webpack dependencies
264 silly prepareForInstallMany adding watchpack@^0.2.1 from webpack dependencies
265 silly prepareForInstallMany adding webpack-core@~0.6.0 from webpack dependencies
266 verbose readDependencies loading dependencies from /Users/alonso/.nvm/versions/io.js/v3.0.0/lib/node_modules/webpack/package.json
267 silly cache add args [ 'async@^1.3.0', null ]
268 verbose cache add spec async@^1.3.0
269 silly cache add args [ 'clone@^1.0.2', null ]
270 verbose cache add spec clone@^1.0.2
271 silly cache add parsed spec { raw: 'async@^1.3.0',
271 silly cache add   scope: null,
271 silly cache add   name: 'async',
271 silly cache add   rawSpec: '^1.3.0',
271 silly cache add   spec: '>=1.3.0 <2.0.0',
271 silly cache add   type: 'range' }
272 silly addNamed async@>=1.3.0 <2.0.0
273 verbose addNamed ">=1.3.0 <2.0.0" is a valid semver range for async
274 silly addNameRange { name: 'async', range: '>=1.3.0 <2.0.0', hasData: false }
275 silly mapToRegistry name async
276 silly mapToRegistry using default registry
277 silly mapToRegistry registry https://registry.npmjs.org/
278 silly mapToRegistry uri https://registry.npmjs.org/async
279 verbose addNameRange registry:https://registry.npmjs.org/async not in flight; fetching
280 silly cache add parsed spec { raw: 'clone@^1.0.2',
280 silly cache add   scope: null,
280 silly cache add   name: 'clone',
280 silly cache add   rawSpec: '^1.0.2',
280 silly cache add   spec: '>=1.0.2 <2.0.0',
280 silly cache add   type: 'range' }
281 silly addNamed clone@>=1.0.2 <2.0.0
282 verbose addNamed ">=1.0.2 <2.0.0" is a valid semver range for clone
283 silly addNameRange { name: 'clone', range: '>=1.0.2 <2.0.0', hasData: false }
284 silly mapToRegistry name clone
285 silly mapToRegistry using default registry
286 silly mapToRegistry registry https://registry.npmjs.org/
287 silly mapToRegistry uri https://registry.npmjs.org/clone
288 verbose addNameRange registry:https://registry.npmjs.org/clone not in flight; fetching
289 silly cache add args [ 'enhanced-resolve@~0.9.0', null ]
290 verbose cache add spec enhanced-resolve@~0.9.0
291 silly cache add parsed spec { raw: 'enhanced-resolve@~0.9.0',
291 silly cache add   scope: null,
291 silly cache add   name: 'enhanced-resolve',
291 silly cache add   rawSpec: '~0.9.0',
291 silly cache add   spec: '>=0.9.0 <0.10.0',
291 silly cache add   type: 'range' }
292 silly addNamed enhanced-resolve@>=0.9.0 <0.10.0
293 verbose addNamed ">=0.9.0 <0.10.0" is a valid semver range for enhanced-resolve
294 silly addNameRange { name: 'enhanced-resolve',
294 silly addNameRange   range: '>=0.9.0 <0.10.0',
294 silly addNameRange   hasData: false }
295 silly mapToRegistry name enhanced-resolve
296 silly mapToRegistry using default registry
297 silly mapToRegistry registry https://registry.npmjs.org/
298 silly mapToRegistry uri https://registry.npmjs.org/enhanced-resolve
299 verbose addNameRange registry:https://registry.npmjs.org/enhanced-resolve not in flight; fetching
300 silly cache add args [ 'esprima@^2.5.0', null ]
301 verbose cache add spec esprima@^2.5.0
302 silly cache add parsed spec { raw: 'esprima@^2.5.0',
302 silly cache add   scope: null,
302 silly cache add   name: 'esprima',
302 silly cache add   rawSpec: '^2.5.0',
302 silly cache add   spec: '>=2.5.0 <3.0.0',
302 silly cache add   type: 'range' }
303 silly addNamed esprima@>=2.5.0 <3.0.0
304 verbose addNamed ">=2.5.0 <3.0.0" is a valid semver range for esprima
305 silly addNameRange { name: 'esprima', range: '>=2.5.0 <3.0.0', hasData: false }
306 silly mapToRegistry name esprima
307 silly mapToRegistry using default registry
308 silly mapToRegistry registry https://registry.npmjs.org/
309 silly mapToRegistry uri https://registry.npmjs.org/esprima
310 verbose addNameRange registry:https://registry.npmjs.org/esprima not in flight; fetching
311 silly cache add args [ 'interpret@^0.6.4', null ]
312 verbose cache add spec interpret@^0.6.4
313 silly cache add parsed spec { raw: 'interpret@^0.6.4',
313 silly cache add   scope: null,
313 silly cache add   name: 'interpret',
313 silly cache add   rawSpec: '^0.6.4',
313 silly cache add   spec: '>=0.6.4 <0.7.0',
313 silly cache add   type: 'range' }
314 silly addNamed interpret@>=0.6.4 <0.7.0
315 verbose addNamed ">=0.6.4 <0.7.0" is a valid semver range for interpret
316 silly addNameRange { name: 'interpret', range: '>=0.6.4 <0.7.0', hasData: false }
317 silly mapToRegistry name interpret
318 silly mapToRegistry using default registry
319 silly mapToRegistry registry https://registry.npmjs.org/
320 silly mapToRegistry uri https://registry.npmjs.org/interpret
321 verbose addNameRange registry:https://registry.npmjs.org/interpret not in flight; fetching
322 silly cache add args [ 'memory-fs@~0.2.0', null ]
323 verbose cache add spec memory-fs@~0.2.0
324 silly cache add parsed spec { raw: 'memory-fs@~0.2.0',
324 silly cache add   scope: null,
324 silly cache add   name: 'memory-fs',
324 silly cache add   rawSpec: '~0.2.0',
324 silly cache add   spec: '>=0.2.0 <0.3.0',
324 silly cache add   type: 'range' }
325 silly addNamed memory-fs@>=0.2.0 <0.3.0
326 verbose addNamed ">=0.2.0 <0.3.0" is a valid semver range for memory-fs
327 silly addNameRange { name: 'memory-fs', range: '>=0.2.0 <0.3.0', hasData: false }
328 silly mapToRegistry name memory-fs
329 silly mapToRegistry using default registry
330 silly mapToRegistry registry https://registry.npmjs.org/
331 silly mapToRegistry uri https://registry.npmjs.org/memory-fs
332 verbose addNameRange registry:https://registry.npmjs.org/memory-fs not in flight; fetching
333 silly cache add args [ 'mkdirp@~0.5.0', null ]
334 verbose cache add spec mkdirp@~0.5.0
335 silly cache add parsed spec { raw: 'mkdirp@~0.5.0',
335 silly cache add   scope: null,
335 silly cache add   name: 'mkdirp',
335 silly cache add   rawSpec: '~0.5.0',
335 silly cache add   spec: '>=0.5.0 <0.6.0',
335 silly cache add   type: 'range' }
336 silly addNamed mkdirp@>=0.5.0 <0.6.0
337 verbose addNamed ">=0.5.0 <0.6.0" is a valid semver range for mkdirp
338 silly addNameRange { name: 'mkdirp', range: '>=0.5.0 <0.6.0', hasData: false }
339 silly mapToRegistry name mkdirp
340 silly mapToRegistry using default registry
341 silly mapToRegistry registry https://registry.npmjs.org/
342 silly mapToRegistry uri https://registry.npmjs.org/mkdirp
343 verbose addNameRange registry:https://registry.npmjs.org/mkdirp not in flight; fetching
344 silly cache add args [ 'node-libs-browser@>= 0.4.0 <=0.6.0', null ]
345 verbose cache add spec node-libs-browser@>= 0.4.0 <=0.6.0
346 silly cache add parsed spec { raw: 'node-libs-browser@>= 0.4.0 <=0.6.0',
346 silly cache add   scope: null,
346 silly cache add   name: 'node-libs-browser',
346 silly cache add   rawSpec: '>= 0.4.0 <=0.6.0',
346 silly cache add   spec: '>=0.4.0 <=0.6.0',
346 silly cache add   type: 'range' }
347 silly addNamed node-libs-browser@>=0.4.0 <=0.6.0
348 verbose addNamed ">=0.4.0 <=0.6.0" is a valid semver range for node-libs-browser
349 silly addNameRange { name: 'node-libs-browser',
349 silly addNameRange   range: '>=0.4.0 <=0.6.0',
349 silly addNameRange   hasData: false }
350 silly mapToRegistry name node-libs-browser
351 silly mapToRegistry using default registry
352 silly mapToRegistry registry https://registry.npmjs.org/
353 silly mapToRegistry uri https://registry.npmjs.org/node-libs-browser
354 verbose addNameRange registry:https://registry.npmjs.org/node-libs-browser not in flight; fetching
355 silly cache add args [ 'optimist@~0.6.0', null ]
356 verbose cache add spec optimist@~0.6.0
357 silly cache add parsed spec { raw: 'optimist@~0.6.0',
357 silly cache add   scope: null,
357 silly cache add   name: 'optimist',
357 silly cache add   rawSpec: '~0.6.0',
357 silly cache add   spec: '>=0.6.0 <0.7.0',
357 silly cache add   type: 'range' }
358 silly addNamed optimist@>=0.6.0 <0.7.0
359 verbose addNamed ">=0.6.0 <0.7.0" is a valid semver range for optimist
360 silly addNameRange { name: 'optimist', range: '>=0.6.0 <0.7.0', hasData: false }
361 silly mapToRegistry name optimist
362 silly mapToRegistry using default registry
363 silly mapToRegistry registry https://registry.npmjs.org/
364 silly mapToRegistry uri https://registry.npmjs.org/optimist
365 verbose addNameRange registry:https://registry.npmjs.org/optimist not in flight; fetching
366 silly cache add args [ 'supports-color@^3.1.0', null ]
367 verbose cache add spec supports-color@^3.1.0
368 silly cache add parsed spec { raw: 'supports-color@^3.1.0',
368 silly cache add   scope: null,
368 silly cache add   name: 'supports-color',
368 silly cache add   rawSpec: '^3.1.0',
368 silly cache add   spec: '>=3.1.0 <4.0.0',
368 silly cache add   type: 'range' }
369 silly addNamed supports-color@>=3.1.0 <4.0.0
370 verbose addNamed ">=3.1.0 <4.0.0" is a valid semver range for supports-color
371 silly addNameRange { name: 'supports-color',
371 silly addNameRange   range: '>=3.1.0 <4.0.0',
371 silly addNameRange   hasData: false }
372 silly mapToRegistry name supports-color
373 silly mapToRegistry using default registry
374 silly mapToRegistry registry https://registry.npmjs.org/
375 silly mapToRegistry uri https://registry.npmjs.org/supports-color
376 verbose addNameRange registry:https://registry.npmjs.org/supports-color not in flight; fetching
377 silly cache add args [ 'tapable@~0.1.8', null ]
378 verbose cache add spec tapable@~0.1.8
379 silly cache add parsed spec { raw: 'tapable@~0.1.8',
379 silly cache add   scope: null,
379 silly cache add   name: 'tapable',
379 silly cache add   rawSpec: '~0.1.8',
379 silly cache add   spec: '>=0.1.8 <0.2.0',
379 silly cache add   type: 'range' }
380 silly addNamed tapable@>=0.1.8 <0.2.0
381 verbose addNamed ">=0.1.8 <0.2.0" is a valid semver range for tapable
382 silly addNameRange { name: 'tapable', range: '>=0.1.8 <0.2.0', hasData: false }
383 silly mapToRegistry name tapable
384 silly mapToRegistry using default registry
385 silly mapToRegistry registry https://registry.npmjs.org/
386 silly mapToRegistry uri https://registry.npmjs.org/tapable
387 verbose addNameRange registry:https://registry.npmjs.org/tapable not in flight; fetching
388 silly cache add args [ 'uglify-js@~2.4.13', null ]
389 verbose cache add spec uglify-js@~2.4.13
390 silly cache add parsed spec { raw: 'uglify-js@~2.4.13',
390 silly cache add   scope: null,
390 silly cache add   name: 'uglify-js',
390 silly cache add   rawSpec: '~2.4.13',
390 silly cache add   spec: '>=2.4.13 <2.5.0',
390 silly cache add   type: 'range' }
391 silly addNamed uglify-js@>=2.4.13 <2.5.0
392 verbose addNamed ">=2.4.13 <2.5.0" is a valid semver range for uglify-js
393 silly addNameRange { name: 'uglify-js', range: '>=2.4.13 <2.5.0', hasData: false }
394 silly mapToRegistry name uglify-js
395 silly mapToRegistry using default registry
396 silly mapToRegistry registry https://registry.npmjs.org/
397 silly mapToRegistry uri https://registry.npmjs.org/uglify-js
398 verbose addNameRange registry:https://registry.npmjs.org/uglify-js not in flight; fetching
399 silly cache add args [ 'watchpack@^0.2.1', null ]
400 verbose cache add spec watchpack@^0.2.1
401 silly cache add parsed spec { raw: 'watchpack@^0.2.1',
401 silly cache add   scope: null,
401 silly cache add   name: 'watchpack',
401 silly cache add   rawSpec: '^0.2.1',
401 silly cache add   spec: '>=0.2.1 <0.3.0',
401 silly cache add   type: 'range' }
402 silly addNamed watchpack@>=0.2.1 <0.3.0
403 verbose addNamed ">=0.2.1 <0.3.0" is a valid semver range for watchpack
404 silly addNameRange { name: 'watchpack', range: '>=0.2.1 <0.3.0', hasData: false }
405 silly mapToRegistry name watchpack
406 silly mapToRegistry using default registry
407 silly mapToRegistry registry https://registry.npmjs.org/
408 silly mapToRegistry uri https://registry.npmjs.org/watchpack
409 verbose addNameRange registry:https://registry.npmjs.org/watchpack not in flight; fetching
410 silly cache add args [ 'webpack-core@~0.6.0', null ]
411 verbose cache add spec webpack-core@~0.6.0
412 silly cache add parsed spec { raw: 'webpack-core@~0.6.0',
412 silly cache add   scope: null,
412 silly cache add   name: 'webpack-core',
412 silly cache add   rawSpec: '~0.6.0',
412 silly cache add   spec: '>=0.6.0 <0.7.0',
412 silly cache add   type: 'range' }
413 silly addNamed webpack-core@>=0.6.0 <0.7.0
414 verbose addNamed ">=0.6.0 <0.7.0" is a valid semver range for webpack-core
415 silly addNameRange { name: 'webpack-core', range: '>=0.6.0 <0.7.0', hasData: false }
416 silly mapToRegistry name webpack-core
417 silly mapToRegistry using default registry
418 silly mapToRegistry registry https://registry.npmjs.org/
419 silly mapToRegistry uri https://registry.npmjs.org/webpack-core
420 verbose addNameRange registry:https://registry.npmjs.org/webpack-core not in flight; fetching
421 verbose request uri https://registry.npmjs.org/clone
422 verbose request no auth needed
423 info attempt registry request try #1 at 17:01:14
424 verbose request id 6605bf7e4ef5fbb2
425 http request GET https://registry.npmjs.org/clone
426 verbose request uri https://registry.npmjs.org/enhanced-resolve
427 verbose request no auth needed
428 info attempt registry request try #1 at 17:01:14
429 http request GET https://registry.npmjs.org/enhanced-resolve
430 verbose request uri https://registry.npmjs.org/interpret
431 verbose request no auth needed
432 info attempt registry request try #1 at 17:01:14
433 http request GET https://registry.npmjs.org/interpret
434 verbose request uri https://registry.npmjs.org/memory-fs
435 verbose request no auth needed
436 info attempt registry request try #1 at 17:01:14
437 http request GET https://registry.npmjs.org/memory-fs
438 verbose request uri https://registry.npmjs.org/node-libs-browser
439 verbose request no auth needed
440 info attempt registry request try #1 at 17:01:14
441 http request GET https://registry.npmjs.org/node-libs-browser
442 verbose request uri https://registry.npmjs.org/tapable
443 verbose request no auth needed
444 info attempt registry request try #1 at 17:01:14
445 http request GET https://registry.npmjs.org/tapable
446 verbose request uri https://registry.npmjs.org/watchpack
447 verbose request no auth needed
448 info attempt registry request try #1 at 17:01:14
449 http request GET https://registry.npmjs.org/watchpack
450 verbose request uri https://registry.npmjs.org/webpack-core
451 verbose request no auth needed
452 info attempt registry request try #1 at 17:01:14
453 http request GET https://registry.npmjs.org/webpack-core
454 info retry will retry, error on last attempt: Error: getaddrinfo ENOTFOUND registry.npmjs.org registry.npmjs.org:443
455 info retry will retry, error on last attempt: Error: getaddrinfo ENOTFOUND registry.npmjs.org registry.npmjs.org:443
456 info retry will retry, error on last attempt: Error: getaddrinfo ENOTFOUND registry.npmjs.org registry.npmjs.org:443
457 info retry will retry, error on last attempt: Error: getaddrinfo ENOTFOUND registry.npmjs.org registry.npmjs.org:443
458 info retry will retry, error on last attempt: Error: getaddrinfo ENOTFOUND registry.npmjs.org registry.npmjs.org:443
459 info retry will retry, error on last attempt: Error: getaddrinfo ENOTFOUND registry.npmjs.org registry.npmjs.org:443
460 info retry will retry, error on last attempt: Error: getaddrinfo ENOTFOUND registry.npmjs.org registry.npmjs.org:443
461 info retry will retry, error on last attempt: Error: getaddrinfo ENOTFOUND registry.npmjs.org registry.npmjs.org:443
462 verbose request uri https://registry.npmjs.org/mkdirp
463 verbose request no auth needed
464 info attempt registry request try #1 at 17:01:14
465 verbose etag "2AZ47L0KQ65OK706ENJX12RZH"
466 http request GET https://registry.npmjs.org/mkdirp
467 verbose request uri https://registry.npmjs.org/supports-color
468 verbose request no auth needed
469 info attempt registry request try #1 at 17:01:14
470 verbose etag "AEN1WEU081MO2O8ZJXY4G7G8V"
471 http request GET https://registry.npmjs.org/supports-color
472 verbose request uri https://registry.npmjs.org/esprima
473 verbose request no auth needed
474 info attempt registry request try #1 at 17:01:14
475 verbose etag "760IOOBWKG7YX9EI2TP5KMCAI"
476 http request GET https://registry.npmjs.org/esprima
477 verbose request uri https://registry.npmjs.org/optimist
478 verbose request no auth needed
479 info attempt registry request try #1 at 17:01:14
480 verbose etag "1ICX81I8Z3FA3TLWT823ARGXB"
481 http request GET https://registry.npmjs.org/optimist
482 verbose request uri https://registry.npmjs.org/async
483 verbose request no auth needed
484 info attempt registry request try #1 at 17:01:14
485 verbose etag "833WM9435QP4XWET4JVYF5IJD"
486 http request GET https://registry.npmjs.org/async
487 info retry will retry, error on last attempt: Error: getaddrinfo ENOTFOUND registry.npmjs.org registry.npmjs.org:443
488 verbose request uri https://registry.npmjs.org/uglify-js
489 verbose request no auth needed
490 info attempt registry request try #1 at 17:01:14
491 verbose etag "AHJX5MQZJ5IF6CKGKWOBFZ8TT"
492 http request GET https://registry.npmjs.org/uglify-js
493 info retry will retry, error on last attempt: Error: getaddrinfo ENOTFOUND registry.npmjs.org registry.npmjs.org:443
494 info retry will retry, error on last attempt: Error: getaddrinfo ENOTFOUND registry.npmjs.org registry.npmjs.org:443
495 info retry will retry, error on last attempt: Error: getaddrinfo ENOTFOUND registry.npmjs.org registry.npmjs.org:443
496 info retry will retry, error on last attempt: Error: getaddrinfo ENOTFOUND registry.npmjs.org registry.npmjs.org:443
497 info retry will retry, error on last attempt: Error: getaddrinfo ENOTFOUND registry.npmjs.org registry.npmjs.org:443
498 info attempt registry request try #2 at 17:01:24
499 http request GET https://registry.npmjs.org/clone
500 info attempt registry request try #2 at 17:01:24
501 http request GET https://registry.npmjs.org/enhanced-resolve
502 info attempt registry request try #2 at 17:01:24
503 http request GET https://registry.npmjs.org/interpret
504 info attempt registry request try #2 at 17:01:24
505 http request GET https://registry.npmjs.org/memory-fs
506 info attempt registry request try #2 at 17:01:24
507 http request GET https://registry.npmjs.org/node-libs-browser
508 info attempt registry request try #2 at 17:01:24
509 http request GET https://registry.npmjs.org/tapable
510 info attempt registry request try #2 at 17:01:24
511 http request GET https://registry.npmjs.org/watchpack
512 info attempt registry request try #2 at 17:01:24
513 http request GET https://registry.npmjs.org/webpack-core
514 info retry will retry, error on last attempt: Error: getaddrinfo ENOTFOUND registry.npmjs.org registry.npmjs.org:443
515 info retry will retry, error on last attempt: Error: getaddrinfo ENOTFOUND registry.npmjs.org registry.npmjs.org:443
516 info retry will retry, error on last attempt: Error: getaddrinfo ENOTFOUND registry.npmjs.org registry.npmjs.org:443
517 info retry will retry, error on last attempt: Error: getaddrinfo ENOTFOUND registry.npmjs.org registry.npmjs.org:443
518 info retry will retry, error on last attempt: Error: getaddrinfo ENOTFOUND registry.npmjs.org registry.npmjs.org:443
519 info retry will retry, error on last attempt: Error: getaddrinfo ENOTFOUND registry.npmjs.org registry.npmjs.org:443
520 info retry will retry, error on last attempt: Error: getaddrinfo ENOTFOUND registry.npmjs.org registry.npmjs.org:443
521 info retry will retry, error on last attempt: Error: getaddrinfo ENOTFOUND registry.npmjs.org registry.npmjs.org:443
522 info attempt registry request try #2 at 17:01:24
523 verbose etag "2AZ47L0KQ65OK706ENJX12RZH"
524 http request GET https://registry.npmjs.org/mkdirp
525 info attempt registry request try #2 at 17:01:24
526 verbose etag "AEN1WEU081MO2O8ZJXY4G7G8V"
527 http request GET https://registry.npmjs.org/supports-color
528 info attempt registry request try #2 at 17:01:24
529 verbose etag "760IOOBWKG7YX9EI2TP5KMCAI"
530 http request GET https://registry.npmjs.org/esprima
531 info attempt registry request try #2 at 17:01:24
532 verbose etag "1ICX81I8Z3FA3TLWT823ARGXB"
533 http request GET https://registry.npmjs.org/optimist
534 info attempt registry request try #2 at 17:01:24
535 verbose etag "833WM9435QP4XWET4JVYF5IJD"
536 http request GET https://registry.npmjs.org/async
537 info attempt registry request try #2 at 17:01:24
538 verbose etag "AHJX5MQZJ5IF6CKGKWOBFZ8TT"
539 http request GET https://registry.npmjs.org/uglify-js
540 info retry will retry, error on last attempt: Error: getaddrinfo ENOTFOUND registry.npmjs.org registry.npmjs.org:443
541 info retry will retry, error on last attempt: Error: getaddrinfo ENOTFOUND registry.npmjs.org registry.npmjs.org:443
542 info retry will retry, error on last attempt: Error: getaddrinfo ENOTFOUND registry.npmjs.org registry.npmjs.org:443
543 info retry will retry, error on last attempt: Error: getaddrinfo ENOTFOUND registry.npmjs.org registry.npmjs.org:443
544 info retry will retry, error on last attempt: Error: getaddrinfo ENOTFOUND registry.npmjs.org registry.npmjs.org:443
545 info retry will retry, error on last attempt: Error: getaddrinfo ENOTFOUND registry.npmjs.org registry.npmjs.org:443
546 info attempt registry request try #3 at 17:02:24
547 http request GET https://registry.npmjs.org/clone
548 info attempt registry request try #3 at 17:02:24
549 http request GET https://registry.npmjs.org/enhanced-resolve
550 info attempt registry request try #3 at 17:02:24
551 http request GET https://registry.npmjs.org/interpret
552 info attempt registry request try #3 at 17:02:24
553 http request GET https://registry.npmjs.org/memory-fs
554 info attempt registry request try #3 at 17:02:24
555 http request GET https://registry.npmjs.org/node-libs-browser
556 info attempt registry request try #3 at 17:02:24
557 http request GET https://registry.npmjs.org/tapable
558 info attempt registry request try #3 at 17:02:24
559 http request GET https://registry.npmjs.org/watchpack
560 info attempt registry request try #3 at 17:02:24
561 http request GET https://registry.npmjs.org/webpack-core
562 info attempt registry request try #3 at 17:02:24
563 verbose etag "2AZ47L0KQ65OK706ENJX12RZH"
564 http request GET https://registry.npmjs.org/mkdirp
565 info attempt registry request try #3 at 17:02:24
566 verbose etag "AEN1WEU081MO2O8ZJXY4G7G8V"
567 http request GET https://registry.npmjs.org/supports-color
568 info attempt registry request try #3 at 17:02:24
569 verbose etag "760IOOBWKG7YX9EI2TP5KMCAI"
570 http request GET https://registry.npmjs.org/esprima
571 info attempt registry request try #3 at 17:02:24
572 verbose etag "1ICX81I8Z3FA3TLWT823ARGXB"
573 http request GET https://registry.npmjs.org/optimist
574 info attempt registry request try #3 at 17:02:24
575 verbose etag "833WM9435QP4XWET4JVYF5IJD"
576 http request GET https://registry.npmjs.org/async
577 info attempt registry request try #3 at 17:02:24
578 verbose etag "AHJX5MQZJ5IF6CKGKWOBFZ8TT"
579 http request GET https://registry.npmjs.org/uglify-js
580 silly get cb [ 304, undefined ]
581 verbose etag https://registry.npmjs.org/mkdirp from cache
582 verbose get saving mkdirp to /Users/alonso/.npm/registry.npmjs.org/mkdirp/.cache.json
583 silly get cb [ 304, undefined ]
584 verbose etag https://registry.npmjs.org/supports-color from cache
585 verbose get saving supports-color to /Users/alonso/.npm/registry.npmjs.org/supports-color/.cache.json
586 silly get cb [ 304, undefined ]
587 verbose etag https://registry.npmjs.org/esprima from cache
588 verbose get saving esprima to /Users/alonso/.npm/registry.npmjs.org/esprima/.cache.json
589 silly get cb [ 304, undefined ]
590 verbose etag https://registry.npmjs.org/optimist from cache
591 verbose get saving optimist to /Users/alonso/.npm/registry.npmjs.org/optimist/.cache.json
592 silly get cb [ 304, undefined ]
593 verbose etag https://registry.npmjs.org/async from cache
594 verbose get saving async to /Users/alonso/.npm/registry.npmjs.org/async/.cache.json
595 silly get cb [ 304, undefined ]
596 verbose etag https://registry.npmjs.org/uglify-js from cache
597 verbose get saving uglify-js to /Users/alonso/.npm/registry.npmjs.org/uglify-js/.cache.json
598 silly addNameRange number 2 { name: 'supports-color',
598 silly addNameRange   range: '>=3.1.0 <4.0.0',
598 silly addNameRange   hasData: true }
599 silly addNameRange versions [ 'supports-color',
599 silly addNameRange   [ '0.2.0',
599 silly addNameRange     '1.0.0',
599 silly addNameRange     '1.1.0',
599 silly addNameRange     '1.2.0',
599 silly addNameRange     '1.2.1',
599 silly addNameRange     '1.3.0',
599 silly addNameRange     '1.3.1',
599 silly addNameRange     '2.0.0',
599 silly addNameRange     '3.0.0',
599 silly addNameRange     '3.0.1',
599 silly addNameRange     '3.1.0',
599 silly addNameRange     '3.1.1' ] ]
600 silly addNamed supports-color@3.1.1
601 verbose addNamed "3.1.1" is a plain semver version for supports-color
602 silly addNameRange number 2 { name: 'mkdirp', range: '>=0.5.0 <0.6.0', hasData: true }
603 silly addNameRange versions [ 'mkdirp',
603 silly addNameRange   [ '0.0.1',
603 silly addNameRange     '0.0.2',
603 silly addNameRange     '0.0.3',
603 silly addNameRange     '0.0.4',
603 silly addNameRange     '0.0.5',
603 silly addNameRange     '0.0.6',
603 silly addNameRange     '0.0.7',
603 silly addNameRange     '0.1.0',
603 silly addNameRange     '0.2.0',
603 silly addNameRange     '0.2.1',
603 silly addNameRange     '0.2.2',
603 silly addNameRange     '0.3.0',
603 silly addNameRange     '0.3.1',
603 silly addNameRange     '0.3.2',
603 silly addNameRange     '0.3.3',
603 silly addNameRange     '0.3.4',
603 silly addNameRange     '0.3.5',
603 silly addNameRange     '0.4.0',
603 silly addNameRange     '0.4.1',
603 silly addNameRange     '0.4.2',
603 silly addNameRange     '0.5.0',
603 silly addNameRange     '0.5.1' ] ]
604 silly addNamed mkdirp@0.5.1
605 verbose addNamed "0.5.1" is a plain semver version for mkdirp
606 silly addNameRange number 2 { name: 'esprima', range: '>=2.5.0 <3.0.0', hasData: true }
607 silly addNameRange versions [ 'esprima',
607 silly addNameRange   [ '0.7.0',
607 silly addNameRange     '0.8.0',
607 silly addNameRange     '0.8.1',
607 silly addNameRange     '0.8.2',
607 silly addNameRange     '0.9.0',
607 silly addNameRange     '0.9.1',
607 silly addNameRange     '0.9.2',
607 silly addNameRange     '0.9.3',
607 silly addNameRange     '0.9.4',
607 silly addNameRange     '0.9.5',
607 silly addNameRange     '0.9.6',
607 silly addNameRange     '0.9.7',
607 silly addNameRange     '0.9.8',
607 silly addNameRange     '0.9.9',
607 silly addNameRange     '1.0.0',
607 silly addNameRange     '1.0.1',
607 silly addNameRange     '1.0.2',
607 silly addNameRange     '1.0.3',
607 silly addNameRange     '1.0.4',
607 silly addNameRange     '1.1.0',
607 silly addNameRange     '1.1.1',
607 silly addNameRange     '1.2.0',
607 silly addNameRange     '1.2.1',
607 silly addNameRange     '1.2.2',
607 silly addNameRange     '1.2.3',
607 silly addNameRange     '1.2.4',
607 silly addNameRange     '2.0.0',
607 silly addNameRange     '1.2.5',
607 silly addNameRange     '2.1.0',
607 silly addNameRange     '2.2.0',
607 silly addNameRange     '2.3.0',
607 silly addNameRange     '2.4.0',
607 silly addNameRange     '2.4.1',
607 silly addNameRange     '2.5.0',
607 silly addNameRange     '2.6.0' ] ]
608 silly addNamed esprima@2.6.0
609 verbose addNamed "2.6.0" is a plain semver version for esprima
610 silly mapToRegistry name supports-color
611 silly mapToRegistry using default registry
612 silly mapToRegistry registry https://registry.npmjs.org/
613 silly mapToRegistry uri https://registry.npmjs.org/supports-color
614 verbose addRemoteTarball https://registry.npmjs.org/supports-color/-/supports-color-3.1.1.tgz not in flight; adding
615 verbose addRemoteTarball [ 'https://registry.npmjs.org/supports-color/-/supports-color-3.1.1.tgz',
615 verbose addRemoteTarball   '10b730ea2c36e9f3790a035f71b007259260ec4b' ]
616 silly mapToRegistry name esprima
617 silly mapToRegistry using default registry
618 silly mapToRegistry registry https://registry.npmjs.org/
619 silly mapToRegistry uri https://registry.npmjs.org/esprima
620 verbose addRemoteTarball https://registry.npmjs.org/esprima/-/esprima-2.6.0.tgz not in flight; adding
621 verbose addRemoteTarball [ 'https://registry.npmjs.org/esprima/-/esprima-2.6.0.tgz',
621 verbose addRemoteTarball   'eddae7cccd7c4d6f3058b7f3823718aaaef7527f' ]
622 silly addNameRange number 2 { name: 'async', range: '>=1.3.0 <2.0.0', hasData: true }
623 silly addNameRange versions [ 'async',
623 silly addNameRange   [ '0.1.0',
623 silly addNameRange     '0.1.1',
623 silly addNameRange     '0.1.2',
623 silly addNameRange     '0.1.3',
623 silly addNameRange     '0.1.4',
623 silly addNameRange     '0.1.5',
623 silly addNameRange     '0.1.6',
623 silly addNameRange     '0.1.7',
623 silly addNameRange     '0.1.8',
623 silly addNameRange     '0.1.9',
623 silly addNameRange     '0.1.10',
623 silly addNameRange     '0.1.11',
623 silly addNameRange     '0.1.12',
623 silly addNameRange     '0.1.13',
623 silly addNameRange     '0.1.14',
623 silly addNameRange     '0.1.15',
623 silly addNameRange     '0.1.16',
623 silly addNameRange     '0.1.17',
623 silly addNameRange     '0.1.18',
623 silly addNameRange     '0.1.19',
623 silly addNameRange     '0.1.20',
623 silly addNameRange     '0.1.21',
623 silly addNameRange     '0.1.22',
623 silly addNameRange     '0.2.0',
623 silly addNameRange     '0.2.1',
623 silly addNameRange     '0.2.2',
623 silly addNameRange     '0.2.3',
623 silly addNameRange     '0.2.4',
623 silly addNameRange     '0.2.5',
623 silly addNameRange     '0.2.6',
623 silly addNameRange     '0.2.7',
623 silly addNameRange     '0.2.8',
623 silly addNameRange     '0.2.9',
623 silly addNameRange     '0.2.10',
623 silly addNameRange     '0.3.0',
623 silly addNameRange     '0.4.0',
623 silly addNameRange     '0.4.1',
623 silly addNameRange     '0.5.0',
623 silly addNameRange     '0.6.0',
623 silly addNameRange     '0.6.1',
623 silly addNameRange     '0.6.2',
623 silly addNameRange     '0.7.0',
623 silly addNameRange     '0.8.0',
623 silly addNameRange     '0.9.0',
623 silly addNameRange     '0.9.2',
623 silly addNameRange     '1.0.0',
623 silly addNameRange     '1.1.0',
623 silly addNameRange     '1.2.0',
623 silly addNameRange     '1.1.1',
623 silly addNameRange     '1.2.1',
623 silly addNameRange     '1.3.0',
623 silly addNameRange     '1.4.0',
623 silly addNameRange     '1.4.1',
623 silly addNameRange     '1.4.2' ] ]
624 silly addNamed async@1.4.2
625 verbose addNamed "1.4.2" is a plain semver version for async
626 silly addNameRange number 2 { name: 'optimist', range: '>=0.6.0 <0.7.0', hasData: true }
627 silly addNameRange versions [ 'optimist',
627 silly addNameRange   [ '0.0.1',
627 silly addNameRange     '0.0.2',
627 silly addNameRange     '0.0.4',
627 silly addNameRange     '0.0.5',
627 silly addNameRange     '0.0.6',
627 silly addNameRange     '0.0.7',
627 silly addNameRange     '0.1.0',
627 silly addNameRange     '0.1.1',
627 silly addNameRange     '0.1.2',
627 silly addNameRange     '0.1.3',
627 silly addNameRange     '0.1.4',
627 silly addNameRange     '0.1.5',
627 silly addNameRange     '0.1.6',
627 silly addNameRange     '0.1.7',
627 silly addNameRange     '0.1.8',
627 silly addNameRange     '0.1.9',
627 silly addNameRange     '0.0.3',
627 silly addNameRange     '0.2.0',
627 silly addNameRange     '0.2.1',
627 silly addNameRange     '0.2.2',
627 silly addNameRange     '0.2.3',
627 silly addNameRange     '0.2.4',
627 silly addNameRange     '0.2.5',
627 silly addNameRange     '0.2.6',
627 silly addNameRange     '0.2.7',
627 silly addNameRange     '0.2.8',
627 silly addNameRange     '0.3.0',
627 silly addNameRange     '0.3.1',
627 silly addNameRange     '0.3.3',
627 silly addNameRange     '0.3.4',
627 silly addNameRange     '0.3.5',
627 silly addNameRange     '0.3.6',
627 silly addNameRange     '0.3.7',
627 silly addNameRange     '0.4.0',
627 silly addNameRange     '0.5.0',
627 silly addNameRange     '0.5.1',
627 silly addNameRange     '0.5.2',
627 silly addNameRange     '0.6.0',
627 silly addNameRange     '0.6.1' ] ]
628 silly addNamed optimist@0.6.1
629 verbose addNamed "0.6.1" is a plain semver version for optimist
630 silly mapToRegistry name optimist
631 silly mapToRegistry using default registry
632 silly mapToRegistry registry https://registry.npmjs.org/
633 silly mapToRegistry uri https://registry.npmjs.org/optimist
634 verbose addRemoteTarball https://registry.npmjs.org/optimist/-/optimist-0.6.1.tgz not in flight; adding
635 verbose addRemoteTarball [ 'https://registry.npmjs.org/optimist/-/optimist-0.6.1.tgz',
635 verbose addRemoteTarball   'da3ea74686fa21a19a111c326e90eb15a0196686' ]
636 silly addNameRange number 2 { name: 'uglify-js', range: '>=2.4.13 <2.5.0', hasData: true }
637 silly addNameRange versions [ 'uglify-js',
637 silly addNameRange   [ '0.0.1',
637 silly addNameRange     '0.0.2',
637 silly addNameRange     '0.0.3',
637 silly addNameRange     '0.0.4',
637 silly addNameRange     '0.0.5',
637 silly addNameRange     '1.0.1',
637 silly addNameRange     '1.0.2',
637 silly addNameRange     '1.0.3',
637 silly addNameRange     '1.0.4',
637 silly addNameRange     '1.0.5',
637 silly addNameRange     '1.0.6',
637 silly addNameRange     '1.0.7',
637 silly addNameRange     '1.1.0',
637 silly addNameRange     '1.1.1',
637 silly addNameRange     '1.2.0',
637 silly addNameRange     '1.2.1',
637 silly addNameRange     '1.2.2',
637 silly addNameRange     '1.2.3',
637 silly addNameRange     '1.2.4',
637 silly addNameRange     '1.2.5',
637 silly addNameRange     '1.2.6',
637 silly addNameRange     '1.3.0',
637 silly addNameRange     '1.3.1',
637 silly addNameRange     '1.3.2',
637 silly addNameRange     '1.3.3',
637 silly addNameRange     '1.3.4',
637 silly addNameRange     '2.2.0',
637 silly addNameRange     '2.2.1',
637 silly addNameRange     '2.2.2',
637 silly addNameRange     '2.2.3',
637 silly addNameRange     '2.2.4',
637 silly addNameRange     '2.2.5',
637 silly addNameRange     '2.3.0',
637 silly addNameRange     '2.3.1',
637 silly addNameRange     '2.3.2',
637 silly addNameRange     '2.3.3',
637 silly addNameRange     '2.3.4',
637 silly addNameRange     '2.3.5',
637 silly addNameRange     '2.3.6',
637 silly addNameRange     '1.3.5',
637 silly addNameRange     '2.4.0',
637 silly addNameRange     '2.4.1',
637 silly addNameRange     '2.4.2',
637 silly addNameRange     '2.4.3',
637 silly addNameRange     '2.4.4',
637 silly addNameRange     '2.4.5',
637 silly addNameRange     '2.4.6',
637 silly addNameRange     '2.4.7',
637 silly addNameRange     '2.4.8',
637 silly addNameRange     '2.4.9',
637 silly addNameRange     '2.4.10',
637 silly addNameRange     '2.4.11',
637 silly addNameRange     '2.4.12',
637 silly addNameRange     '2.4.13',
637 silly addNameRange     '2.4.14',
637 silly addNameRange     '2.4.15',
637 silly addNameRange     '2.4.16',
637 silly addNameRange     '2.4.17',
637 silly addNameRange     '2.4.18',
637 silly addNameRange     '2.4.19',
637 silly addNameRange     '2.4.20',
637 silly addNameRange     '2.4.21',
637 silly addNameRange     '2.4.22',
637 silly addNameRange     '2.4.23',
637 silly addNameRange     '2.4.24' ] ]
638 silly addNamed uglify-js@2.4.24
639 verbose addNamed "2.4.24" is a plain semver version for uglify-js
640 info retry fetch attempt 1 at 17:02:24
641 info attempt registry request try #1 at 17:02:24
642 http fetch GET https://registry.npmjs.org/optimist/-/optimist-0.6.1.tgz
643 info retry fetch attempt 1 at 17:02:24
644 info attempt registry request try #1 at 17:02:24
645 http fetch GET https://registry.npmjs.org/supports-color/-/supports-color-3.1.1.tgz
646 info retry will retry, error on last attempt: Error: getaddrinfo ENOTFOUND registry.npmjs.org registry.npmjs.org:443
647 info retry fetch attempt 1 at 17:02:24
648 info attempt registry request try #1 at 17:02:24
649 http fetch GET https://registry.npmjs.org/esprima/-/esprima-2.6.0.tgz
650 info retry will retry, error on last attempt: Error: getaddrinfo ENOTFOUND registry.npmjs.org registry.npmjs.org:443
651 silly cache afterAdd async@1.4.2
652 verbose afterAdd /Users/alonso/.npm/async/1.4.2/package/package.json not in flight; writing
653 info retry will retry, error on last attempt: Error: getaddrinfo ENOTFOUND registry.npmjs.org registry.npmjs.org:443
654 silly cache afterAdd mkdirp@0.5.1
655 verbose afterAdd /Users/alonso/.npm/mkdirp/0.5.1/package/package.json not in flight; writing
656 silly cache afterAdd uglify-js@2.4.24
657 verbose afterAdd /Users/alonso/.npm/uglify-js/2.4.24/package/package.json not in flight; writing
658 verbose afterAdd /Users/alonso/.npm/async/1.4.2/package/package.json written
659 verbose afterAdd /Users/alonso/.npm/uglify-js/2.4.24/package/package.json written
660 verbose afterAdd /Users/alonso/.npm/mkdirp/0.5.1/package/package.json written
661 info attempt registry request try #2 at 17:02:34
662 http fetch GET https://registry.npmjs.org/optimist/-/optimist-0.6.1.tgz
663 info attempt registry request try #2 at 17:02:34
664 http fetch GET https://registry.npmjs.org/supports-color/-/supports-color-3.1.1.tgz
665 info retry will retry, error on last attempt: Error: getaddrinfo ENOTFOUND registry.npmjs.org registry.npmjs.org:443
666 info retry will retry, error on last attempt: Error: getaddrinfo ENOTFOUND registry.npmjs.org registry.npmjs.org:443
667 info attempt registry request try #2 at 17:02:34
668 http fetch GET https://registry.npmjs.org/esprima/-/esprima-2.6.0.tgz
669 info retry will retry, error on last attempt: Error: getaddrinfo ENOTFOUND registry.npmjs.org registry.npmjs.org:443
670 info attempt registry request try #3 at 17:03:34
671 http fetch GET https://registry.npmjs.org/optimist/-/optimist-0.6.1.tgz
672 info attempt registry request try #3 at 17:03:34
673 http fetch GET https://registry.npmjs.org/supports-color/-/supports-color-3.1.1.tgz
674 error fetch failed https://registry.npmjs.org/optimist/-/optimist-0.6.1.tgz
675 warn retry will retry, error on last attempt: Error: getaddrinfo ENOTFOUND registry.npmjs.org registry.npmjs.org:443
676 info attempt registry request try #3 at 17:03:34
677 http fetch GET https://registry.npmjs.org/esprima/-/esprima-2.6.0.tgz
678 error fetch failed https://registry.npmjs.org/supports-color/-/supports-color-3.1.1.tgz
679 warn retry will retry, error on last attempt: Error: getaddrinfo ENOTFOUND registry.npmjs.org registry.npmjs.org:443
680 error fetch failed https://registry.npmjs.org/esprima/-/esprima-2.6.0.tgz
681 warn retry will retry, error on last attempt: Error: getaddrinfo ENOTFOUND registry.npmjs.org registry.npmjs.org:443
682 info retry fetch attempt 2 at 17:03:44
683 info attempt registry request try #1 at 17:03:44
684 http fetch GET https://registry.npmjs.org/optimist/-/optimist-0.6.1.tgz
685 info retry fetch attempt 2 at 17:03:44
686 info attempt registry request try #1 at 17:03:44
687 http fetch GET https://registry.npmjs.org/supports-color/-/supports-color-3.1.1.tgz
688 info retry fetch attempt 2 at 17:03:44
689 info attempt registry request try #1 at 17:03:44
690 http fetch GET https://registry.npmjs.org/esprima/-/esprima-2.6.0.tgz
691 info retry will retry, error on last attempt: Error: getaddrinfo ENOTFOUND registry.npmjs.org registry.npmjs.org:443
692 info retry will retry, error on last attempt: Error: getaddrinfo ENOTFOUND registry.npmjs.org registry.npmjs.org:443
693 info retry will retry, error on last attempt: Error: getaddrinfo ENOTFOUND registry.npmjs.org registry.npmjs.org:443
694 info attempt registry request try #2 at 17:03:54
695 http fetch GET https://registry.npmjs.org/optimist/-/optimist-0.6.1.tgz
696 info attempt registry request try #2 at 17:03:54
697 http fetch GET https://registry.npmjs.org/supports-color/-/supports-color-3.1.1.tgz
698 info attempt registry request try #2 at 17:03:54
699 http fetch GET https://registry.npmjs.org/esprima/-/esprima-2.6.0.tgz
700 info retry will retry, error on last attempt: Error: getaddrinfo ENOTFOUND registry.npmjs.org registry.npmjs.org:443
701 info retry will retry, error on last attempt: Error: getaddrinfo ENOTFOUND registry.npmjs.org registry.npmjs.org:443
702 info retry will retry, error on last attempt: Error: getaddrinfo ENOTFOUND registry.npmjs.org registry.npmjs.org:443
703 info attempt registry request try #3 at 20:16:53
704 http fetch GET https://registry.npmjs.org/optimist/-/optimist-0.6.1.tgz
705 info attempt registry request try #3 at 20:16:53
706 http fetch GET https://registry.npmjs.org/supports-color/-/supports-color-3.1.1.tgz
707 info attempt registry request try #3 at 20:16:53
708 http fetch GET https://registry.npmjs.org/esprima/-/esprima-2.6.0.tgz
709 error fetch failed https://registry.npmjs.org/optimist/-/optimist-0.6.1.tgz
710 warn retry will retry, error on last attempt: Error: getaddrinfo ENOTFOUND registry.npmjs.org registry.npmjs.org:443
711 error fetch failed https://registry.npmjs.org/supports-color/-/supports-color-3.1.1.tgz
712 warn retry will retry, error on last attempt: Error: getaddrinfo ENOTFOUND registry.npmjs.org registry.npmjs.org:443
713 error fetch failed https://registry.npmjs.org/esprima/-/esprima-2.6.0.tgz
714 warn retry will retry, error on last attempt: Error: getaddrinfo ENOTFOUND registry.npmjs.org registry.npmjs.org:443
715 info retry fetch attempt 3 at 20:17:53
716 info attempt registry request try #1 at 20:17:53
717 http fetch GET https://registry.npmjs.org/optimist/-/optimist-0.6.1.tgz
718 info retry fetch attempt 3 at 20:17:53
719 info attempt registry request try #1 at 20:17:53
720 http fetch GET https://registry.npmjs.org/supports-color/-/supports-color-3.1.1.tgz
721 info retry fetch attempt 3 at 20:17:53
722 info attempt registry request try #1 at 20:17:53
723 http fetch GET https://registry.npmjs.org/esprima/-/esprima-2.6.0.tgz
724 info retry will retry, error on last attempt: Error: getaddrinfo ENOTFOUND registry.npmjs.org registry.npmjs.org:443
725 info retry will retry, error on last attempt: Error: getaddrinfo ENOTFOUND registry.npmjs.org registry.npmjs.org:443
726 info retry will retry, error on last attempt: Error: getaddrinfo ENOTFOUND registry.npmjs.org registry.npmjs.org:443
727 info attempt registry request try #2 at 20:18:03
728 http fetch GET https://registry.npmjs.org/optimist/-/optimist-0.6.1.tgz
729 info attempt registry request try #2 at 20:18:03
730 http fetch GET https://registry.npmjs.org/supports-color/-/supports-color-3.1.1.tgz
731 info attempt registry request try #2 at 20:18:03
732 http fetch GET https://registry.npmjs.org/esprima/-/esprima-2.6.0.tgz
733 info retry will retry, error on last attempt: Error: getaddrinfo ENOTFOUND registry.npmjs.org registry.npmjs.org:443
734 info retry will retry, error on last attempt: Error: getaddrinfo ENOTFOUND registry.npmjs.org registry.npmjs.org:443
735 info retry will retry, error on last attempt: Error: getaddrinfo ENOTFOUND registry.npmjs.org registry.npmjs.org:443
736 info attempt registry request try #3 at 20:19:03
737 http fetch GET https://registry.npmjs.org/optimist/-/optimist-0.6.1.tgz
738 info attempt registry request try #3 at 20:19:03
739 http fetch GET https://registry.npmjs.org/supports-color/-/supports-color-3.1.1.tgz
740 info attempt registry request try #3 at 20:19:03
741 http fetch GET https://registry.npmjs.org/esprima/-/esprima-2.6.0.tgz
742 error fetch failed https://registry.npmjs.org/optimist/-/optimist-0.6.1.tgz
743 error fetch failed https://registry.npmjs.org/supports-color/-/supports-color-3.1.1.tgz
744 error fetch failed https://registry.npmjs.org/esprima/-/esprima-2.6.0.tgz
745 verbose about to build /Users/alonso/.nvm/versions/io.js/v3.0.0/lib/node_modules/webpack
746 verbose unlock done using /Users/alonso/.npm/_locks/webpack-071efc9fb4ab2182.lock for /Users/alonso/.nvm/versions/io.js/v3.0.0/lib/node_modules/webpack
747 verbose stack Error: getaddrinfo ENOTFOUND registry.npmjs.org registry.npmjs.org:443
747 verbose stack     at errnoException (dns.js:25:10)
747 verbose stack     at GetAddrInfoReqWrap.onlookup [as oncomplete] (dns.js:76:26)
748 verbose cwd /Users/alonso/dev/react-autosuggest
749 error Darwin 14.3.0
750 error argv "/Users/alonso/.nvm/versions/io.js/v3.0.0/bin/iojs" "/Users/alonso/.nvm/versions/io.js/v3.0.0/bin/npm" "install" "-g" "./node_modules/webpack/"
751 error node v3.0.0
752 error npm  v2.13.3
753 error code ENOTFOUND
754 error errno ENOTFOUND
755 error syscall getaddrinfo
756 error network getaddrinfo ENOTFOUND registry.npmjs.org registry.npmjs.org:443
756 error network This is most likely not a problem with npm itself
756 error network and is related to network connectivity.
756 error network In most cases you are behind a proxy or have bad network settings.
756 error network
756 error network If you are behind a proxy, please make sure that the
756 error network 'proxy' config is set properly.  See: 'npm help config'
757 verbose exit [ 1, true ]
758 verbose unbuild lib/node_modules/webpack
759 info preuninstall webpack@1.12.0
760 info uninstall webpack@1.12.0
761 verbose unbuild rmStuff webpack@1.12.0 from /Users/alonso/.nvm/versions/io.js/v3.0.0/lib/node_modules
762 silly gentlyRm /Users/alonso/.nvm/versions/io.js/v3.0.0/bin/webpack is being gently removed
763 silly gentlyRm verifying /Users/alonso/.nvm/versions/io.js/v3.0.0 is an npm working directory
764 silly gentlyRm containing path /Users/alonso/.nvm/versions/io.js/v3.0.0 is under npm's control, in /Users/alonso/.nvm/versions/io.js/v3.0.0
765 silly gentlyRm deletion target /Users/alonso/.nvm/versions/io.js/v3.0.0/bin/webpack is under /Users/alonso/.nvm/versions/io.js/v3.0.0
766 verbose gentlyRm vacuuming from /Users/alonso/.nvm/versions/io.js/v3.0.0/bin/webpack up to /Users/alonso/.nvm/versions/io.js/v3.0.0
767 info postuninstall webpack@1.12.0
768 silly gentlyRm /Users/alonso/.nvm/versions/io.js/v3.0.0/lib/node_modules/webpack is being purged from base /Users/alonso/.nvm/versions/io.js/v3.0.0
769 verbose gentlyRm don't care about contents; nuking /Users/alonso/.nvm/versions/io.js/v3.0.0/lib/node_modules/webpack
770 silly vacuum-fs purging /Users/alonso/.nvm/versions/io.js/v3.0.0/lib/node_modules/webpack
771 silly vacuum-fs quitting because other entries in /Users/alonso/.nvm/versions/io.js/v3.0.0/lib/node_modules
